{"level":"INFO","time":"2023-07-27T21:40:11.595+0800","caller":"user/userHandler.go:39","msg":"api发送短信 info"}
{"level":"INFO","time":"2023-07-27T22:00:07.116+0800","caller":"user/userHandler.go:39","msg":"api发送短信 info"}
{"level":"INFO","time":"2023-07-29T22:58:47.412+0800","caller":"login.service.v1/login_service.go:34","msg":"api发送短信 info"}
{"level":"INFO","time":"2023-07-31T21:36:27.024+0800","caller":"login.service.v1/login_service.go:34","msg":"api发送短信 info"}
{"level":"INFO","time":"2023-08-01T16:03:37.434+0800","caller":"login.service.v1/login_service.go:34","msg":"api发送短信 info"}
{"level":"INFO","time":"2023-08-01T16:09:24.889+0800","caller":"login.service.v1/login_service.go:34","msg":"api发送短信 info"}
{"level":"INFO","time":"2023-08-01T16:10:49.464+0800","caller":"login.service.v1/login_service.go:34","msg":"api发送短信 info"}
{"level":"INFO","time":"2023-08-01T16:23:30.423+0800","caller":"login.service.v1/login_service.go:34","msg":"api发送短信 info"}
{"level":"INFO","time":"2023-08-04T02:00:27.704+0800","caller":"login.service.v1/login_service.go:34","msg":"api发送短信 info"}
{"level":"INFO","time":"2023-08-04T02:17:38.129+0800","caller":"login.service.v1/login_service.go:34","msg":"api发送短信 info"}
{"level":"INFO","time":"2023-08-06T14:58:23.898+0800","caller":"login.service.v1/login_service.go:34","msg":"api发送短信 info"}
{"level":"INFO","time":"2023-08-06T15:31:22.314+0800","caller":"login.service.v1/login_service.go:34","msg":"api发送短信 info"}
{"level":"INFO","time":"2023-08-07T00:13:38.742+0800","caller":"login.service.v1/login_service.go:36","msg":"api发送短信 info"}
{"level":"INFO","time":"2023-08-07T00:14:06.375+0800","caller":"login.service.v1/login_service.go:36","msg":"api发送短信 info"}
{"level":"ERROR","time":"2023-08-23T19:45:48.908+0800","caller":"discovery/discovery.go:120","msg":"register failed","error":"context deadline exceeded"}
{"level":"INFO","time":"2023-08-27T21:17:37.231+0800","caller":"login.service.v1/login_service.go:35","msg":"api发送短信 info"}
{"level":"ERROR","time":"2023-08-27T21:18:16.576+0800","caller":"discovery/resover.go:113","msg":"sync failed","error":"没有找到服务"}
{"level":"ERROR","time":"2023-08-27T21:19:16.571+0800","caller":"discovery/resover.go:113","msg":"sync failed","error":"没有找到服务"}
{"level":"ERROR","time":"2023-08-27T21:20:16.578+0800","caller":"discovery/resover.go:113","msg":"sync failed","error":"没有找到服务"}
{"level":"ERROR","time":"2023-08-27T21:26:33.436+0800","caller":"discovery/resover.go:113","msg":"sync failed","error":"没有找到服务"}
{"level":"INFO","time":"2023-08-27T21:45:22.092+0800","caller":"login.service.v1/login_service.go:35","msg":"api发送短信 info"}
{"level":"INFO","time":"2023-08-27T21:46:12.352+0800","caller":"login.service.v1/login_service.go:35","msg":"api发送短信 info"}
{"level":"INFO","time":"2023-08-27T21:49:14.272+0800","caller":"login.service.v1/login_service.go:34","msg":"api发送短信 info"}
{"level":"INFO","time":"2023-08-27T21:49:34.241+0800","caller":"login.service.v1/login_service.go:34","msg":"api发送短信 info"}
{"level":"INFO","time":"2023-08-31T13:54:12.566+0800","caller":"login.service.v1/login_service.go:34","msg":"api发送短信 info"}
{"level":"INFO","time":"2023-08-31T13:57:11.981+0800","caller":"login.service.v1/login_service.go:34","msg":"api发送短信 info"}
{"level":"INFO","time":"2023-08-31T13:59:04.161+0800","caller":"login.service.v1/login_service.go:34","msg":"api发送短信 info"}
{"level":"INFO","time":"2023-08-31T13:59:38.317+0800","caller":"login.service.v1/login_service.go:34","msg":"api发送短信 info"}
{"level":"INFO","time":"2023-08-31T14:00:05.825+0800","caller":"login.service.v1/login_service.go:34","msg":"api发送短信 info"}
{"level":"INFO","time":"2023-08-31T14:00:44.801+0800","caller":"login.service.v1/login_service.go:34","msg":"api发送短信 info"}
{"level":"INFO","time":"2023-08-31T14:03:11.814+0800","caller":"login.service.v1/login_service.go:34","msg":"api发送短信 info"}
{"level":"INFO","time":"2023-08-31T14:03:45.816+0800","caller":"login.service.v1/login_service.go:34","msg":"api发送短信 info"}
{"level":"INFO","time":"2023-08-31T14:04:45.398+0800","caller":"login.service.v1/login_service.go:34","msg":"api发送短信 info"}
{"level":"ERROR","time":"2023-09-02T19:11:38.723+0800","caller":"discovery/resover.go:113","msg":"sync failed","error":"context deadline exceeded"}
{"level":"ERROR","time":"2023-09-02T19:12:38.716+0800","caller":"discovery/resover.go:113","msg":"sync failed","error":"context deadline exceeded"}
{"level":"ERROR","time":"2023-09-03T20:45:25.159+0800","caller":"discovery/resover.go:113","msg":"sync failed","error":"没有找到服务"}
{"level":"INFO","time":"2023-09-03T20:47:24.038+0800","caller":"login.service.v1/login_service.go:39","msg":"api发送短信 info"}
{"level":"INFO","time":"2023-09-03T20:51:36.581+0800","caller":"login.service.v1/login_service.go:39","msg":"api发送短信 info"}
{"level":"INFO","time":"2023-09-03T20:58:33.209+0800","caller":"login.service.v1/login_service.go:39","msg":"api发送短信 info"}
{"level":"INFO","time":"2023-09-03T20:58:37.863+0800","caller":"login.service.v1/login_service.go:39","msg":"api发送短信 info"}
{"level":"INFO","time":"2023-09-03T20:58:42.981+0800","caller":"login.service.v1/login_service.go:39","msg":"api发送短信 info"}
{"level":"ERROR","time":"2023-09-03T20:59:15.462+0800","caller":"discovery/resover.go:113","msg":"sync failed","error":"没有找到服务"}
{"level":"ERROR","time":"2023-09-03T20:59:54.375+0800","caller":"login.service.v1/login_service.go:69","msg":"redis查库出错:","error":"redis: nil"}
{"level":"INFO","time":"2023-09-03T21:00:00.428+0800","caller":"login.service.v1/login_service.go:39","msg":"api发送短信 info"}
{"level":"INFO","time":"2023-09-03T21:00:04.399+0800","caller":"login.service.v1/login_service.go:39","msg":"api发送短信 info"}
{"level":"ERROR","time":"2023-09-03T21:00:10.539+0800","caller":"login.service.v1/login_service.go:69","msg":"redis查库出错:","error":"redis: nil"}
{"level":"ERROR","time":"2023-09-03T21:01:32.133+0800","caller":"login.service.v1/login_service.go:69","msg":"redis查库出错:","error":"redis: nil"}
{"level":"INFO","time":"2023-09-03T21:01:47.926+0800","caller":"login.service.v1/login_service.go:39","msg":"api发送短信 info"}
{"level":"ERROR","time":"2023-09-03T21:02:31.004+0800","caller":"login.service.v1/login_service.go:69","msg":"redis查库出错:","error":"redis: nil"}
{"level":"INFO","time":"2023-09-03T21:02:57.176+0800","caller":"login.service.v1/login_service.go:39","msg":"api发送短信 info"}
{"level":"ERROR","time":"2023-09-03T21:03:06.701+0800","caller":"login.service.v1/login_service.go:69","msg":"redis查库出错:","error":"redis: nil"}
{"level":"ERROR","time":"2023-09-03T21:03:30.482+0800","caller":"login.service.v1/login_service.go:69","msg":"redis查库出错:","error":"redis: nil"}
{"level":"INFO","time":"2023-09-03T21:04:56.935+0800","caller":"login.service.v1/login_service.go:39","msg":"api发送短信 info"}
{"level":"ERROR","time":"2023-09-03T21:06:19.339+0800","caller":"login.service.v1/login_service.go:69","msg":"redis查库出错:","error":"redis: nil"}
{"level":"INFO","time":"2023-09-03T21:22:50.911+0800","caller":"login.service.v1/login_service.go:39","msg":"api发送短信 info"}
{"level":"ERROR","time":"2023-09-03T21:23:21.100+0800","caller":"login.service.v1/login_service.go:69","msg":"redis查库出错:","error":"redis: nil"}
{"level":"INFO","time":"2023-09-03T21:40:11.975+0800","caller":"login.service.v1/login_service.go:39","msg":"api发送短信 info"}
{"level":"ERROR","time":"2023-09-03T21:40:40.809+0800","caller":"login.service.v1/login_service.go:70","msg":"redis查库出错:","error":"redis: nil"}
{"level":"INFO","time":"2023-09-03T21:44:28.222+0800","caller":"login.service.v1/login_service.go:40","msg":"api发送短信 info"}
{"level":"ERROR","time":"2023-09-03T21:44:36.262+0800","caller":"login.service.v1/login_service.go:71","msg":"redis查库出错:","error":"redis: nil"}
{"level":"INFO","time":"2023-09-03T21:46:30.105+0800","caller":"login.service.v1/login_service.go:40","msg":"api发送短信 info"}
{"level":"ERROR","time":"2023-09-03T21:46:41.066+0800","caller":"login.service.v1/login_service.go:71","msg":"redis查库出错:","error":"redis: nil"}
{"level":"INFO","time":"2023-09-03T21:50:57.496+0800","caller":"login.service.v1/login_service.go:40","msg":"api发送短信 info"}
{"level":"ERROR","time":"2023-09-03T21:51:06.946+0800","caller":"login.service.v1/login_service.go:72","msg":"redis查库出错:","error":"redis: nil"}
{"level":"ERROR","time":"2023-09-03T21:51:42.120+0800","caller":"discovery/resover.go:113","msg":"sync failed","error":"没有找到服务"}
{"level":"INFO","time":"2023-09-03T23:34:58.428+0800","caller":"login.service.v1/login_service.go:40","msg":"api发送短信 info"}
{"level":"INFO","time":"2023-09-03T23:35:49.944+0800","caller":"login.service.v1/login_service.go:40","msg":"api发送短信 info"}
{"level":"ERROR","time":"2023-09-03T23:35:58.499+0800","caller":"login.service.v1/login_service.go:72","msg":"redis查库出错:","error":"redis: nil"}
{"level":"INFO","time":"2023-09-03T23:39:16.149+0800","caller":"login.service.v1/login_service.go:40","msg":"api发送短信 info"}
{"level":"ERROR","time":"2023-09-03T23:39:33.353+0800","caller":"login.service.v1/login_service.go:72","msg":"redis查库出错:","error":"redis: nil"}
{"level":"ERROR","time":"2023-09-03T23:41:37.264+0800","caller":"login.service.v1/login_service.go:72","msg":"redis查库出错:","error":"redis: nil"}
{"level":"INFO","time":"2023-09-04T13:29:13.636+0800","caller":"login.service.v1/login_service.go:40","msg":"api发送短信 info"}
{"level":"ERROR","time":"2023-09-04T13:29:29.304+0800","caller":"login.service.v1/login_service.go:73","msg":"redis查库出错:","error":"redis: nil"}
{"level":"ERROR","time":"2023-09-04T13:31:58.531+0800","caller":"login.service.v1/login_service.go:84","msg":"DB错误","error":"Error 1146 (42S02): Table 'msproject.member_daos' doesn't exist"}
{"level":"ERROR","time":"2023-09-04T13:44:29.995+0800","caller":"login.service.v1/login_service.go:72","msg":"redis查库出错:","error":"redis: nil"}
{"level":"INFO","time":"2023-09-04T13:44:40.440+0800","caller":"login.service.v1/login_service.go:39","msg":"api发送短信 info"}
{"level":"ERROR","time":"2023-09-04T13:44:49.707+0800","caller":"login.service.v1/login_service.go:83","msg":"DB错误","error":"Error 1146 (42S02): Table 'msproject.member_daos' doesn't exist"}
{"level":"INFO","time":"2023-09-04T14:56:43.129+0800","caller":"login.service.v1/login_service.go:39","msg":"api发送短信 info"}
{"level":"ERROR","time":"2023-09-04T14:56:52.304+0800","caller":"login.service.v1/login_service.go:83","msg":"DB错误","error":"Error 1146 (42S02): Table 'msproject.member_daos' doesn't exist"}
{"level":"INFO","time":"2023-09-04T15:39:43.018+0800","caller":"login.service.v1/login_service.go:39","msg":"api发送短信 info"}
{"level":"INFO","time":"2023-09-04T16:23:21.662+0800","caller":"login.service.v1/login_service.go:41","msg":"api发送短信 info"}
{"level":"INFO","time":"2023-09-04T20:50:40.301+0800","caller":"login.service.v1/login_service.go:44","msg":"api发送短信 info"}
{"level":"INFO","time":"2023-09-09T19:24:04.761+0800","caller":"login.service.v1/login_service.go:44","msg":"api发送短信 info"}
{"level":"ERROR","time":"2023-09-09T19:25:23.582+0800","caller":"login.service.v1/login_service.go:76","msg":"redis查库出错:","error":"redis: nil"}
{"level":"ERROR","time":"2023-09-09T19:25:35.151+0800","caller":"login.service.v1/login_service.go:76","msg":"redis查库出错:","error":"redis: nil"}
{"level":"INFO","time":"2023-09-09T19:29:54.011+0800","caller":"login.service.v1/login_service.go:44","msg":"api发送短信 info"}
{"level":"INFO","time":"2023-09-09T19:30:17.041+0800","caller":"login.service.v1/login_service.go:44","msg":"api发送短信 info"}
{"level":"ERROR","time":"2023-09-09T19:30:54.073+0800","caller":"discovery/discovery.go:121","msg":"register failed","error":"context deadline exceeded"}
{"level":"ERROR","time":"2023-09-09T19:30:57.079+0800","caller":"discovery/discovery.go:121","msg":"register failed","error":"context deadline exceeded"}
{"level":"ERROR","time":"2023-09-09T19:31:00.093+0800","caller":"discovery/discovery.go:121","msg":"register failed","error":"context deadline exceeded"}
{"level":"ERROR","time":"2023-09-09T19:31:03.107+0800","caller":"discovery/discovery.go:121","msg":"register failed","error":"context deadline exceeded"}
{"level":"ERROR","time":"2023-09-09T19:31:06.111+0800","caller":"discovery/discovery.go:121","msg":"register failed","error":"context deadline exceeded"}
{"level":"ERROR","time":"2023-09-09T19:31:09.121+0800","caller":"discovery/discovery.go:121","msg":"register failed","error":"context deadline exceeded"}
{"level":"ERROR","time":"2023-09-09T19:31:12.135+0800","caller":"discovery/discovery.go:121","msg":"register failed","error":"context deadline exceeded"}
{"level":"ERROR","time":"2023-09-09T19:31:15.138+0800","caller":"discovery/discovery.go:121","msg":"register failed","error":"context deadline exceeded"}
{"level":"ERROR","time":"2023-09-09T19:31:18.143+0800","caller":"discovery/discovery.go:121","msg":"register failed","error":"context deadline exceeded"}
{"level":"ERROR","time":"2023-09-09T19:31:21.159+0800","caller":"discovery/discovery.go:121","msg":"register failed","error":"context deadline exceeded"}
{"level":"ERROR","time":"2023-09-09T19:31:24.170+0800","caller":"discovery/discovery.go:121","msg":"register failed","error":"context deadline exceeded"}
{"level":"ERROR","time":"2023-09-09T19:31:27.174+0800","caller":"discovery/discovery.go:121","msg":"register failed","error":"context deadline exceeded"}
{"level":"ERROR","time":"2023-09-09T19:31:30.185+0800","caller":"discovery/discovery.go:121","msg":"register failed","error":"context deadline exceeded"}
{"level":"ERROR","time":"2023-09-09T19:31:33.193+0800","caller":"discovery/discovery.go:121","msg":"register failed","error":"context deadline exceeded"}
{"level":"ERROR","time":"2023-09-09T19:31:36.206+0800","caller":"discovery/discovery.go:121","msg":"register failed","error":"context deadline exceeded"}
{"level":"ERROR","time":"2023-09-09T19:31:39.207+0800","caller":"discovery/discovery.go:121","msg":"register failed","error":"context deadline exceeded"}
{"level":"ERROR","time":"2023-09-09T19:31:42.221+0800","caller":"discovery/discovery.go:121","msg":"register failed","error":"context deadline exceeded"}
{"level":"ERROR","time":"2023-09-09T19:31:45.237+0800","caller":"discovery/discovery.go:121","msg":"register failed","error":"context deadline exceeded"}
{"level":"ERROR","time":"2023-09-09T19:31:46.465+0800","caller":"discovery/resover.go:113","msg":"sync failed","error":"context deadline exceeded"}
{"level":"ERROR","time":"2023-09-09T19:31:48.240+0800","caller":"discovery/discovery.go:121","msg":"register failed","error":"context deadline exceeded"}
{"level":"ERROR","time":"2023-09-09T19:31:51.252+0800","caller":"discovery/discovery.go:121","msg":"register failed","error":"context deadline exceeded"}
{"level":"ERROR","time":"2023-09-09T19:31:54.259+0800","caller":"discovery/discovery.go:121","msg":"register failed","error":"context deadline exceeded"}
{"level":"ERROR","time":"2023-09-09T19:31:57.277+0800","caller":"discovery/discovery.go:121","msg":"register failed","error":"context deadline exceeded"}
{"level":"ERROR","time":"2023-09-09T19:32:00.290+0800","caller":"discovery/discovery.go:121","msg":"register failed","error":"context deadline exceeded"}
{"level":"ERROR","time":"2023-09-09T19:32:03.301+0800","caller":"discovery/discovery.go:121","msg":"register failed","error":"context deadline exceeded"}
{"level":"ERROR","time":"2023-09-09T19:32:06.316+0800","caller":"discovery/discovery.go:121","msg":"register failed","error":"context deadline exceeded"}
{"level":"ERROR","time":"2023-09-09T19:32:09.332+0800","caller":"discovery/discovery.go:121","msg":"register failed","error":"context deadline exceeded"}
{"level":"ERROR","time":"2023-09-09T19:32:12.345+0800","caller":"discovery/discovery.go:121","msg":"register failed","error":"context deadline exceeded"}
{"level":"ERROR","time":"2023-09-09T19:32:15.357+0800","caller":"discovery/discovery.go:121","msg":"register failed","error":"context deadline exceeded"}
{"level":"ERROR","time":"2023-09-09T19:32:18.367+0800","caller":"discovery/discovery.go:121","msg":"register failed","error":"context deadline exceeded"}
{"level":"ERROR","time":"2023-09-09T19:32:21.369+0800","caller":"discovery/discovery.go:121","msg":"register failed","error":"context deadline exceeded"}
{"level":"ERROR","time":"2023-09-09T19:32:24.377+0800","caller":"discovery/discovery.go:121","msg":"register failed","error":"context deadline exceeded"}
{"level":"ERROR","time":"2023-09-09T19:32:27.386+0800","caller":"discovery/discovery.go:121","msg":"register failed","error":"context deadline exceeded"}
{"level":"ERROR","time":"2023-09-09T19:32:30.401+0800","caller":"discovery/discovery.go:121","msg":"register failed","error":"context deadline exceeded"}
{"level":"ERROR","time":"2023-09-09T19:32:33.413+0800","caller":"discovery/discovery.go:121","msg":"register failed","error":"context deadline exceeded"}
{"level":"ERROR","time":"2023-09-09T19:32:36.423+0800","caller":"discovery/discovery.go:121","msg":"register failed","error":"context deadline exceeded"}
{"level":"ERROR","time":"2023-09-09T19:32:39.441+0800","caller":"discovery/discovery.go:121","msg":"register failed","error":"context deadline exceeded"}
{"level":"ERROR","time":"2023-09-09T19:32:42.450+0800","caller":"discovery/discovery.go:121","msg":"register failed","error":"context deadline exceeded"}
{"level":"ERROR","time":"2023-09-09T19:32:45.463+0800","caller":"discovery/discovery.go:121","msg":"register failed","error":"context deadline exceeded"}
{"level":"ERROR","time":"2023-09-09T19:32:46.461+0800","caller":"discovery/resover.go:113","msg":"sync failed","error":"context deadline exceeded"}
{"level":"ERROR","time":"2023-09-09T19:32:48.468+0800","caller":"discovery/discovery.go:121","msg":"register failed","error":"context deadline exceeded"}
{"level":"ERROR","time":"2023-09-09T19:32:51.483+0800","caller":"discovery/discovery.go:121","msg":"register failed","error":"context deadline exceeded"}
{"level":"ERROR","time":"2023-09-09T19:32:54.496+0800","caller":"discovery/discovery.go:121","msg":"register failed","error":"context deadline exceeded"}
{"level":"ERROR","time":"2023-09-09T19:32:57.509+0800","caller":"discovery/discovery.go:121","msg":"register failed","error":"context deadline exceeded"}
